0.000000000000000000e+00
1.470492692726268818e-06
3.989808418260586453e-06
-1.075074047178393090e-05
-4.595618978403496205e-05
-5.840472206076009943e-05
-1.469486065910648160e-05
2.272615418155174446e-05
-6.291803978523175954e-05
-2.691305284925783335e-04
-4.026326360603620850e-04
-2.872397472341309136e-04
-4.802577429270817174e-05
-5.706273857394161949e-05
-4.828148054357445508e-04
-9.635582813331728964e-04
-9.273463894404582967e-04
-3.175248922394995868e-04
1.721670533819406933e-04
-1.730901671775931508e-04
-1.125487771349882506e-03
-1.564432092559663642e-03
-7.323429302224349719e-04
6.855916601209961032e-04
1.129069718796637135e-03
-3.118379939948046833e-18
-1.358781399086893184e-03
-9.934804380739325255e-04
1.279233750850728877e-03
3.299589926015800406e-03
2.872775756458442482e-03
5.362464271706893259e-04
-6.497656567421442389e-04
1.466318029648224939e-03
5.268125709268092413e-03
6.776825603613353954e-03
4.236051571133119323e-03
6.302216468822783571e-04
6.749447190220164271e-04
5.203964719205130506e-03
9.553079291904811865e-03
8.526317596263117277e-03
2.726885679205598954e-03
-1.389881573648826286e-03
1.321066153175600756e-03
8.163396760020372872e-03
1.083496633254611881e-02
4.864436795200885802e-03
-4.385410431520958031e-03
-6.981837190538113351e-03
9.355139819844144349e-18
7.938562493775842832e-03
5.671407667492270495e-03
-7.159729147900862657e-03
-1.816742034487345628e-02
-1.561374922084984330e-02
-2.887097062210966774e-03
3.477922864105786535e-03
-7.832714171124645006e-03
-2.819840721099690223e-02
-3.650782016541415098e-02
-2.307835985957108413e-02
-3.491037491827412784e-03
-3.824646117075037287e-03
-3.037867248569014328e-02
-5.792596780172792892e-02
-5.423614860804746446e-02
-1.841963449917498330e-02
1.012439358747561913e-02
-1.058899135974587444e-02
-7.401769625939769170e-02
-1.156830676914744338e-01
-6.518472108054670922e-02
8.290094333204051091e-02
2.479992390499873023e-01
3.199838359031648150e-01
2.479992390499873023e-01
8.290094333204051091e-02
-6.518472108054672309e-02
-1.156830676914744338e-01
-7.401769625939769170e-02
-1.058899135974587444e-02
1.012439358747561913e-02
-1.841963449917498677e-02
-5.423614860804747140e-02
-5.792596780172793586e-02
-3.037867248569015022e-02
-3.824646117075037721e-03
-3.491037491827413217e-03
-2.307835985957109107e-02
-3.650782016541415098e-02
-2.819840721099690570e-02
-7.832714171124646740e-03
3.477922864105787402e-03
-2.887097062210967641e-03
-1.561374922084984504e-02
-1.816742034487346322e-02
-7.159729147900863525e-03
5.671407667492270495e-03
7.938562493775844567e-03
9.355139819844147431e-18
-6.981837190538115086e-03
-4.385410431520959766e-03
4.864436795200886669e-03
1.083496633254611881e-02
8.163396760020374607e-03
1.321066153175600756e-03
-1.389881573648827154e-03
2.726885679205600689e-03
8.526317596263124216e-03
9.553079291904818804e-03
5.203964719205133975e-03
6.749447190220168608e-04
6.302216468822786823e-04
4.236051571133121925e-03
6.776825603613357424e-03
5.268125709268095883e-03
1.466318029648225373e-03
-6.497656567421444557e-04
5.362464271706894343e-04
2.872775756458442482e-03
3.299589926015805176e-03
1.279233750850730178e-03
-9.934804380739338265e-04
-1.358781399086895136e-03
-3.118379939948052610e-18
1.129069718796639086e-03
6.855916601209966453e-04
-7.323429302224356225e-04
-1.564432092559665160e-03
-1.125487771349883591e-03
-1.730901671775933405e-04
1.721670533819406933e-04
-3.175248922394995868e-04
-9.273463894404582967e-04
-9.635582813331728964e-04
-4.828148054357458518e-04
-5.706273857394179568e-05
-4.802577429270830049e-05
-2.872397472341318351e-04
-4.026326360603625729e-04
-2.691305284925792009e-04
-6.291803978523188151e-05
2.272615418155180206e-05
-1.469486065910653242e-05
-5.840472206076039759e-05
-4.595618978403532797e-05
-1.075074047178393090e-05
3.989808418260586453e-06
1.470492692726268818e-06
0.000000000000000000e+00
