-6.106337206409373053e+00
-4.122988524108929020e+00
-1.545407141050642030e-01
3.061911221030121588e+00
3.850696458668814159e+00
2.740666978825519351e+00
1.799600767226742448e+00
2.995744881718312769e+00
6.809468461949258256e+00
1.183084585736511940e+01
1.550143030865413074e+01
1.573021286127744922e+01
1.259057917577950647e+01
8.853179282352316548e+00
8.481121356319958338e+00
1.369799613203156774e+01
2.278697350970629287e+01
3.072867523148079272e+01
3.266957567216730496e+01
2.764868548674518678e+01
1.942093309579229299e+01
1.345471172117031067e+01
1.247563874918591154e+01
1.432763842295718248e+01
1.401663779944472665e+01
8.153285916614160911e+00
-2.123153210074846697e+00
-1.227452537320084858e+01
-1.837825411849230051e+01
-2.024741344763832629e+01
-2.083668537177683433e+01
-2.275228353777386303e+01
-2.546663617642696309e+01
-2.600456270047682494e+01
-2.225599074608857109e+01
-1.538785247056041428e+01
-8.862720405843287352e+00
-5.207283362473514643e+00
-4.010906318781742641e+00
-3.165694656186811784e+00
-1.733103551919935370e+00
-1.067568238287535110e+00
-2.896275305643596809e+00
-6.618485210983305222e+00
-9.122390233820656391e+00
-7.701426286723538794e+00
-3.138577251035098215e+00
4.104898665453333706e-01
-1.077699393686067708e+00
-7.869573829985057500e+00
-1.614623480281967716e+01
-2.117695805645867324e+01
-2.096823657501914084e+01
-1.723612348636062563e+01
-1.333297671741051715e+01
-1.147254475645539173e+01
-1.171640383475475744e+01
-1.302530970894734708e+01
-1.468817720298716267e+01
-1.652280282741020301e+01
-1.797565746881869586e+01
-1.760450055482240117e+01
-1.396438390508409100e+01
-7.184936414266260840e+00
5.583428602827780196e-01
6.615864078429041228e+00
1.031689608481993048e+01
1.393298745610476885e+01
2.090032323704215855e+01
3.263562820584873236e+01
4.682689839857012259e+01
5.889389947725972263e+01
6.538066734073711928e+01
6.622630847144716881e+01
6.400867449071699866e+01
6.121822684024230199e+01
5.837378769399997935e+01
5.459562010632208739e+01
4.948696254771373759e+01
4.384944230566889445e+01
3.826482671102564836e+01
3.121940679988472667e+01
1.930637706987732827e+01
9.701383456225443069e-02
-2.457270206783270439e+01
-4.805946972094650960e+01
-6.225648772481991955e+01
-6.274817402637719965e+01
-5.202925478036685547e+01
-3.829419675984784988e+01
-3.048482767898913082e+01
-3.297059841487904208e+01
-4.344761136694141612e+01
-5.525598774901666843e+01
-6.213799351816986416e+01
-6.190659919974942937e+01
-5.670216090009404297e+01
-5.036067928965944418e+01
-4.544916852917804562e+01
-4.216040499209949388e+01
-3.920190765085823870e+01
-3.522086587675052272e+01
-2.952510239762499822e+01
-2.214264024563867750e+01
-1.387503362644245719e+01
-6.361087527681334564e+00
-1.447464507138322976e+00
3.289662534692368023e-01
9.757396383861611788e-01
4.375072135918133043e+00
1.357152627706429016e+01
2.806326715188103904e+01
4.365671334276339621e+01
5.538099870213653730e+01
6.108713230695358476e+01
6.250887405146587383e+01
6.278138904931927300e+01
6.276272663972477517e+01
5.979314945112530921e+01
5.035413642921977129e+01
3.429505786172715887e+01
1.644196829784811342e+01
3.506352608016676697e+00
-1.357521907898614266e+00
-1.348050790115050024e+00
-3.155012175870617774e+00
-1.065100199007270909e+01
-2.095762741564777443e+01
-2.689673430362476481e+01
-2.385523584238815076e+01
-1.459230135778196313e+01
-7.167698593152099562e+00
-7.718848839012150798e+00
-1.491465803175301197e+01
-2.137656080201092834e+01
-2.059427119406128170e+01
-1.263720649642832328e+01
-3.453027624199663137e+00
9.954849453922155478e-01
-2.256752535287684935e-01
-3.244007989576334516e+00
-3.694948462066231176e+00
-3.555692306386578072e-01
4.949955422200526201e+00
9.840156762821969494e+00
1.296720438798964281e+01
1.351634079868134641e+01
1.039218912781176307e+01
2.935693437613887014e+00
-7.599493649453039623e+00
-1.818566045294320688e+01
-2.637015169541096427e+01
-3.233733321894044366e+01
-3.787238558962486934e+01
-4.286270597466804588e+01
-4.340344163565940505e+01
-3.459342272173250876e+01
-1.605959967704858826e+01
5.538086120999890838e+00
2.062356484614588936e+01
2.447553930435119440e+01
2.138789475330412770e+01
2.085847333492755240e+01
2.909332436484850959e+01
4.378335842365896724e+01
5.682594810311318412e+01
6.170108693497411423e+01
5.789060459446465501e+01
4.853771340111491384e+01
3.516231677309723125e+01
1.616832908387956280e+01
-9.139534856516570827e+00
-3.644037383688361587e+01
-5.833619471151111924e+01
-7.146256805238832044e+01
-8.088511522931972308e+01
-9.546771160373722864e+01
-1.173737983229089537e+02
-1.362934174730033874e+02
-1.356854255055099543e+02
-1.067141754107434224e+02
-5.729779683371304344e+01
-7.557911897751957042e+00
2.454745527595201793e+01
3.483217461763373990e+01
3.245581338387718517e+01
2.968905390361742036e+01
3.220559974252603297e+01
3.775603272559683887e+01
4.190547411309621850e+01
4.347005970754450743e+01
4.457386749990308772e+01
4.695451372723503880e+01
4.963778483406714770e+01
5.042538405384949129e+01
4.880158143668132453e+01
4.649309228067047428e+01
4.503549645479570529e+01
4.330427993644766360e+01
3.801314834645359042e+01
2.689955812989205697e+01
1.143753264985838314e+01
-3.626985585459834738e+00
-1.356840911611215006e+01
-1.694069179850760065e+01
-1.615576792091627567e+01
-1.511012695108581738e+01
-1.590085228360226210e+01
-1.721521615759615997e+01
-1.564378516170745570e+01
-9.007106524521418578e+00
8.338651082406158821e-01
8.182050631084280212e+00
7.211132449852982518e+00
-3.266758191582766813e+00
-1.795705919605745748e+01
-2.841435486622719964e+01
-2.950129887022586672e+01
-2.363122339553461870e+01
-1.870699706577249799e+01
-2.114030615613455666e+01
-3.019524820189064940e+01
-3.907959746788381494e+01
-4.182485021815423920e+01
-3.910165368756489102e+01
-3.698137847022395874e+01
-3.993624446637055314e+01
-4.569812360284200281e+01
-4.793254842153545781e+01
-4.418487072249408953e+01
-4.012933225919078950e+01
-4.428191143239791217e+01
-5.755382093864663773e+01
-6.866915917030603111e+01
-6.177143753192805775e+01
-3.042500907260715337e+01
1.506008796285135531e+01
5.451240359833467153e+01
7.318102538145508618e+01
7.167957536173071276e+01
6.224162470962062343e+01
5.607320334788373373e+01
5.432226683515742138e+01
5.032040517137582469e+01
3.903459036861305265e+01
2.322679410322101035e+01
1.050302271805297494e+01
5.391547884827339487e+00
5.211157398296720089e+00
3.631004226115649658e+00
-2.546727794572387182e+00
-1.073440204169126133e+01
-1.632883447600543292e+01
-1.821323699988214884e+01
-1.988718869539816936e+01
-2.530142434362830883e+01
-3.426032985279626786e+01
-4.246401240989962389e+01
-4.601633227607833021e+01
-4.539328927864110597e+01
-4.455698250985339826e+01
-4.618504827767316812e+01
-4.815958946940500596e+01
-4.517994512451408440e+01
-3.406875055643702410e+01
-1.751600067833795649e+01
-2.457077599968572557e+00
5.560120301444591462e+00
6.901573961188598005e+00
7.267906178732791211e+00
1.269192897471577197e+01
2.456573986145471622e+01
3.877744036945500028e+01
4.926603253924873371e+01
5.268899329007027177e+01
5.039026913850260314e+01
4.647054835327946876e+01
4.403124302056766481e+01
4.292373654225014690e+01
4.075444558596829125e+01
3.592584053845470748e+01
2.967323683146009472e+01
2.501607786160415614e+01
2.354754907384082685e+01
2.330773715602837726e+01
2.020531788248157667e+01
1.197093133017326494e+01
7.585571358028313504e-01
-8.559209699746098465e+00
-1.309484091289708552e+01
-1.494487330360319000e+01
-1.908190664117237034e+01
-2.788754089757944499e+01
-3.788716395625639421e+01
-4.244797628201407491e+01
-3.822297691944071119e+01
-2.902823008914899816e+01
-2.305304807602935924e+01
-2.577628296359426585e+01
-3.516045674164437429e+01
-4.343086039401748621e+01
-4.350074220905163003e+01
-3.421124359776414536e+01
-2.045912270288439316e+01
-9.300937415086712790e+00
-5.934095852793864978e+00
-1.199164516932935598e+01
-2.563271176758012260e+01
-4.211166760905183537e+01
-5.498121698731861073e+01
-5.882271343261491836e+01
-5.265162064381210882e+01
-4.103499412697915716e+01
-3.090110263476411845e+01
-2.605733170149225941e+01
-2.437802859368250452e+01
-2.062540980592349626e+01
-1.227515452293240017e+01
-2.331034142493157546e+00
4.005930965866409288e+00
5.376915721559172745e+00
6.321845999197197585e+00
1.264939877900688714e+01
2.478080379736786654e+01
3.647817923814703533e+01
4.099778923400572239e+01
3.850492199671275273e+01
3.647984138285547573e+01
4.178506117159319899e+01
5.224239799807426010e+01
5.708432122764381944e+01
4.709451470723396938e+01
2.493199288643434741e+01
4.900088694225438246e+00
1.281339961858400045e+00
1.580198382169677274e+01
3.616563216402862224e+01
4.713429287964049053e+01
4.356461241150302044e+01
3.312970604427047761e+01
2.677969424699634260e+01
2.693285596319388731e+01
2.515494432043931283e+01
1.128592119118501813e+01
-1.534316031075734799e+01
-4.370192498601936393e+01
-5.992632098907630933e+01
-5.879112179404967975e+01
-4.736668562667035332e+01
-3.822773791511757935e+01
-3.904880781692123293e+01
-4.775623278856269849e+01
-5.634374174072053165e+01
-5.854990769077990365e+01
-5.417163826008913929e+01
-4.714464298580347190e+01
-4.063971538798011807e+01
-3.447006450482820128e+01
-2.685510693952159045e+01
-1.787189830411054459e+01
-1.044481984772409078e+01
-7.608749032064224593e+00
-8.893027982963417344e+00
-9.850929554921492581e+00
-5.784151515598381366e+00
3.579404505879722365e+00
1.307828341914438397e+01
1.628276542602498012e+01
1.141499454835056326e+01
3.543724379716024941e+00
6.119209850728566380e-01
6.485136222399319195e+00
1.723973565819960641e+01
2.428538301729285820e+01
2.177671699242371517e+01
1.172159858390921983e+01
2.136807105347848790e+00
-8.213551777789973585e-02
4.946582989547636089e+00
1.075456991916554195e+01
1.087515469529481749e+01
4.720922999592460201e+00
-2.512140031459253464e+00
-5.477988527628038895e+00
-4.052086001808149263e+00
-3.121436869532828950e+00
-7.223318171171833058e+00
-1.562738109790318930e+01
-2.283135398635160485e+01
-2.379596078333408116e+01
-1.849065812357653016e+01
-1.131576378608247779e+01
-6.454168529558884870e+00
-4.259367322518272658e+00
-2.198411369466636955e+00
1.362079931067846417e+00
5.219803978842513459e+00
7.453100892372415132e+00
8.814242897344712446e+00
1.293244922586112011e+01
2.248250791309896357e+01
3.535430374702264800e+01
4.537922492458928048e+01
4.750628751677793815e+01
4.246774597614253821e+01
3.625130532945529893e+01
3.487666933894070809e+01
3.955700095863085153e+01
4.658237351388206804e+01
5.128602092524821643e+01
5.168333675878498212e+01
4.851662464465424307e+01
4.268730879083271645e+01
3.354025847054764853e+01
1.980233295041334429e+01
1.592445169134630856e+00
-1.917075009177025890e+01
-4.047318170721627695e+01
-6.195705100774360119e+01
-8.468281862538962912e+01
-1.091927364846956436e+02
-1.338974209948849250e+02
-1.551071035540931291e+02
-1.681644975619248328e+02
-1.685642843084254139e+02
-1.530602968008374205e+02
-1.214841576806400383e+02
-7.874379815368111224e+01
-3.464586794173789031e+01
2.194362105883121972e-01
2.068541770224139142e+01
3.026612702678119859e+01
3.776805362266048149e+01
4.929163538993643812e+01
6.251231028980588178e+01
6.877872852533840842e+01
6.153273453286025330e+01
4.341039114138587252e+01
2.534071271291791660e+01
1.835304734792703485e+01
2.547238522565714902e+01
4.057763371796379204e+01
5.425687125713042036e+01
6.059329558598471266e+01
5.925361005991747021e+01
5.287219351170319470e+01
4.403074940130639447e+01
3.488762328654076583e+01
2.814575372738980263e+01
2.629354745196511800e+01
2.896462070079802587e+01
3.185624134097778892e+01
2.987458022775580702e+01
2.231038484025162560e+01
1.455034248646236250e+01
1.357079178070243408e+01
2.093984422901079157e+01
3.028380494567214853e+01
3.221951682131957995e+01
2.239085098550490827e+01
5.103356820679813666e+00
-1.060340131135500030e+01
-1.834869395398020941e+01
-1.840981410815230390e+01
-1.556973065497198228e+01
-1.420710390652054578e+01
-1.582189084252368083e+01
-2.046241732798289092e+01
-2.897875703879293496e+01
-4.262694210077454926e+01
-6.020045441350430337e+01
-7.612407793634328357e+01
-8.225913817771539982e+01
-7.253969109244516744e+01
-4.690850958370359081e+01
-1.174252893023709099e+01
2.319708019603401539e+01
4.913607130958239821e+01
6.171367067283208030e+01
6.217242491075429456e+01
5.589868187802851196e+01
4.876364525125984528e+01
4.304963516950435576e+01
3.578519697103812547e+01
2.134362718369034440e+01
-3.104088721646995452e+00
-3.371307578735490296e+01
-6.152409967874879726e+01
-7.877661742800610511e+01
-8.466794033271028752e+01
-8.528044599604960752e+01
-8.763114072822099843e+01
-9.339199943802256598e+01
-9.812610546193120342e+01
-9.636326421713087598e+01
-8.702874280978944910e+01
-7.366456032588568803e+01
-5.964197561639728207e+01
-4.401421892554918713e+01
-2.288811702933859493e+01
5.030810888395162550e+00
3.496074905460214666e+01
5.895914025084385912e+01
7.271533419008547128e+01
7.929335796083640275e+01
8.579521800504495843e+01
9.615594719633162413e+01
1.072264427334618517e+02
1.118706316407997434e+02
1.057472529592125170e+02
9.110610292233056384e+01
7.438988536175801869e+01
6.062834454866225542e+01
5.013744579949926106e+01
3.994512730922629373e+01
2.757284159413356406e+01
1.325320841299392782e+01
-8.449722538713899667e-01
-1.267195165954103686e+01
-2.137629428976480028e+01
-2.698539699664739544e+01
-2.983582253124752981e+01
-3.058618090074611473e+01
-3.039856631137107001e+01
-3.053911557701100321e+01
-3.154939563547873860e+01
-3.293337988087778712e+01
-3.387039685100427278e+01
-3.429732054559581655e+01
-3.520615601036890752e+01
-3.776828389028548116e+01
-4.208555657050388277e+01
-4.674093182426646820e+01
-4.956372934034979494e+01
-4.894876164586191436e+01
-4.467438024731266921e+01
-3.770127162461127313e+01
-2.932157561593638562e+01
-2.048976375246256509e+01
-1.186844350907713519e+01
-4.369192615226793919e+00
5.704062540017780236e-01
1.549042710939943390e+00
-1.636079269124067537e+00
-7.217021028076430866e+00
-1.200536799625614037e+01
-1.322936241006836156e+01
-1.046089710642564796e+01
-6.083350931633063396e+00
-3.657549446565754536e+00
-5.157844512676916793e+00
-9.142067098526398539e+00
-1.147754074345322373e+01
-8.351561920756095603e+00
7.027563466506645540e-01
1.236916038858022837e+01
2.231899445043181629e+01
2.892489982505167134e+01
3.450123048147217020e+01
4.267931733552035212e+01
5.418183629872098095e+01
6.506463872132630399e+01
6.939568378787973302e+01
6.411142793708299337e+01
5.158730043688865408e+01
3.760413177001770890e+01
2.679073757173713233e+01
1.981993944948916209e+01
1.450357753137992667e+01
8.921455853747993103e+00
3.106773282762642197e+00
-1.992359363196279487e+00
-6.353657959929601695e+00
-1.104253968264799113e+01
-1.664870048181992246e+01
-2.224445360884612555e+01
-2.646933863491833350e+01
-2.959018448194121476e+01
-3.389140196173429587e+01
-4.143049346293131663e+01
-5.125442211299819917e+01
-5.914618671216710055e+01
-6.062190849849058338e+01
-5.460487307720363503e+01
-4.437969647899650738e+01
-3.493534612247199789e+01
-2.913456734227392886e+01
-2.607361564221208639e+01
-2.276677872295644178e+01
-1.720286815812866976e+01
-9.833848111700952188e+00
-2.422433299840536680e+00
4.131976462540105643e+00
1.055418041524088046e+01
1.786382058439197706e+01
2.565282155544263532e+01
3.208823830911175179e+01
3.576768340527898715e+01
3.734609616855286163e+01
3.894880878559390425e+01
4.180561704133133816e+01
4.463215420447026816e+01
4.461691214649625437e+01
4.006448777116810334e+01
3.192106476231368006e+01
2.266486139868518279e+01
1.397254014458166438e+01
5.806411997152325810e+00
-2.292083476777044382e+00
-9.607822795405908778e+00
-1.453400266837729760e+01
-1.644395965264235215e+01
-1.672119522441858663e+01
-1.742301621238640053e+01
-1.901012791908933863e+01
-1.994468718169549604e+01
-1.887359461461438315e+01
-1.689555366717937090e+01
-1.696536233728455301e+01
-2.063204146653445292e+01
-2.559330330960224842e+01
-2.710837416207159833e+01
-2.233527157551296227e+01
-1.335569969493900544e+01
-5.677642927302086306e+00
-3.450166442610709705e+00
-5.945659341332011572e+00
-8.671099020952420133e+00
-7.981502830225405631e+00
-4.737803147339960219e+00
-3.549403696461492785e+00
-8.362219294620651056e+00
-1.851159468733542468e+01
-2.880775339024232196e+01
-3.348046265746985028e+01
-3.044221339114516311e+01
-2.231324347821234966e+01
-1.373451429627143483e+01
-7.668179444822371238e+00
-3.837130010650000145e+00
-1.211326054942389874e-01
4.925137544365284725e+00
1.082451829219567685e+01
1.595053304941706074e+01
1.916263530490719802e+01
2.072661878977131522e+01
2.195643898678505934e+01
2.412062609685242620e+01
2.744958671675464501e+01
3.079894442128418319e+01
3.220450675150364361e+01
3.017899514514275339e+01
2.495851088847776822e+01
1.853370462263195861e+01
1.307360907251161564e+01
9.016833966665060984e+00
4.879629085518814691e+00
-6.891233404643344329e-01
-6.709662259551919306e+00
-1.031506488769105090e+01
-9.940668632714221076e+00
-7.880314737697176497e+00
-8.749012311272963416e+00
-1.457515811456448773e+01
-2.147980747473206975e+01
-2.213063269294400470e+01
-1.243427774843304690e+01
3.933384718190950480e+00
1.802792385741133785e+01
2.317375525123031821e+01
2.034980390768998859e+01
1.627607961173316653e+01
1.636233951743975013e+01
1.971434863862975817e+01
2.101118102961413570e+01
1.690049846925035126e+01
1.007840575594026689e+01
6.851734457395707523e+00
1.073631483523488583e+01
1.855861128480466959e+01
2.288174027456423687e+01
1.835476076364654574e+01
6.034425977740788483e+00
-7.970019210453834546e+00
-1.771801088308669136e+01
-2.152880043785166109e+01
-2.175383973803089077e+01
-2.151048087169122169e+01
-2.215637549603184908e+01
-2.364461080714188768e+01
-2.635430526518639027e+01
-3.153685041261640620e+01
-3.958930670283834985e+01
-4.838862844230674654e+01
-5.424791179191758772e+01
-5.511784206308835365e+01
-5.272486527983465976e+01
-5.093085402717154153e+01
-5.144185393903050851e+01
-5.108612416992438909e+01
-4.377738447991346504e+01
-2.588033196611392484e+01
-3.624808520210578422e-01
2.392922591729222859e+01
3.740329060844219100e+01
3.545018537691559857e+01
2.097371847987095350e+01
2.553191502482721198e+00
-1.029314226758397766e+01
-1.208293548557369945e+01
-4.015284268632782094e+00
7.297712882901185694e+00
1.460039482771181696e+01
1.532654592583439879e+01
1.346484063677943865e+01
1.607840661485154499e+01
2.700529036623949608e+01
4.307381575235527293e+01
5.629024672805952889e+01
6.019423142706138208e+01
5.482459320956323268e+01
4.613100271533517827e+01
4.079697507270233103e+01
4.129494869921384748e+01
4.511725356187530167e+01
4.790180819244353927e+01
4.696593252339950908e+01
4.229952546992624463e+01
3.505717515687297237e+01
2.571852982699573786e+01
1.363908150998189583e+01
-2.128041425647670959e+00
-2.188194858589550762e+01
-4.482337930575459239e+01
-6.884680690141205162e+01
-9.036782957850462594e+01
-1.047624575036056882e+02
-1.081413018106915160e+02
-9.994025337543382648e+01
-8.424911308074686644e+01
-6.792975279431729518e+01
-5.606243645134129849e+01
-4.815824334103142945e+01
-3.879118518578783892e+01
-2.280418497434432012e+01
-8.076766009103719668e-01
2.023872742628902444e+01
3.241301420855221949e+01
3.354775783346462958e+01
2.906620022935623382e+01
2.719304617917375211e+01
3.206794077436908452e+01
4.107282978206725232e+01
4.824478563663821973e+01
4.973280386792918506e+01
4.597114981558240743e+01
3.944502940652915868e+01
3.157387578289474206e+01
2.230365911664633316e+01
1.206955949836730291e+01
2.927653691632892574e+00
-2.865895790057586545e+00
-5.003000222163469068e+00
-5.223963463875578306e+00
-5.350095506048521798e+00
-5.960671341856997429e+00
-7.450288123368243198e+00
-1.169989063857709333e+01
-2.124874070123011904e+01
-3.586690543645759988e+01
-5.037799674655568793e+01
-5.730302711589354914e+01
-5.290652532155370835e+01
-4.087834729045244586e+01
-2.947811712186672395e+01
-2.442797802235482862e+01
-2.441059890500675778e+01
-2.356806328752455570e+01
-1.821460004701401658e+01
-1.061227191646660728e+01
-5.840229585052641781e+00
-5.253139800352021993e+00
-3.853570984863991633e+00
5.093812639947218557e+00
2.263465478963671984e+01
4.165928463516085856e+01
5.240900952615663755e+01
5.086290001294186425e+01
4.186637137557396215e+01
3.411075220244400441e+01
3.221440998400230882e+01
3.374359332373960285e+01
3.347974352422345845e+01
2.963861944983336016e+01
2.521523918355270055e+01
2.356733071408857683e+01
2.391942361216185020e+01
2.224915817284064801e+01
1.640004204088167583e+01
9.040790548986160857e+00
4.509456885386121883e+00
2.988501505919924917e+00
-8.563566103588033940e-01
-1.236382041911724450e+01
-3.014365673014171065e+01
-4.585454024861076761e+01
-5.147807865037239594e+01
-4.674474749752231872e+01
-3.883903238924594348e+01
-3.465701917505796814e+01
-3.388714372289363297e+01
-3.025654816977596795e+01
-1.943595697955942825e+01
-4.953334967714385861e+00
4.341261255348097592e+00
2.734226142694353712e+00
-6.641716046574238419e+00
-1.458292102165402859e+01
-1.422520408671305603e+01
-6.920394465502596404e+00
-3.161188040695321888e-01
-9.817529157485083147e-01
-8.604512016370549077e+00
-1.660257809091024939e+01
-1.787222990558686320e+01
-1.028753507752939456e+01
2.342203913649406388e+00
1.377557916435894114e+01
1.982669922714988431e+01
2.046088979296580845e+01
1.876119188721757780e+01
1.840947191211904865e+01
2.164033626449691639e+01
2.839040458529975197e+01
3.633963494101707425e+01
4.164445835772644955e+01
4.060791312585932644e+01
3.205203910454881822e+01
1.888950291752120592e+01
7.036928574702107753e+00
1.606525856328236301e+00
3.054967883419160479e+00
6.757652448102855480e+00
6.851355295119532229e+00
1.236256396173542882e+00
-6.733592610897442654e+00
-1.145580382288208909e+01
-1.024149133654844945e+01
-5.720150542062318877e+00
-3.439732569112186944e+00
-7.027971188381886947e+00
-1.522576085723827433e+01
-2.306042812105824424e+01
-2.572094455627249587e+01
-2.177987496334683115e+01
-1.353991694074229990e+01
-4.882509295963322060e+00
1.324186985208472667e+00
4.445189754682030703e+00
5.560160362660665712e+00
6.135701087460252445e+00
7.094568188650809404e+00
8.770717431822960819e+00
1.128392620029329052e+01
1.458836613263410342e+01
1.809908613973589908e+01
2.059582590285272019e+01
2.097543113802032622e+01
1.933734820219895667e+01
1.713778201632232623e+01
1.590806776722900473e+01
1.568910772947491239e+01
1.490226231035145510e+01
1.189924989925337151e+01
6.474161098272976922e+00
-3.647389070499653663e-01
-7.862921143220352072e+00
-1.599936992379724465e+01
-2.393590094634809873e+01
-2.838738915582356270e+01
-2.487963553859342625e+01
-1.198195795038530420e+01
5.382875486763190942e+00
1.775641452978827317e+01
1.773082284395455588e+01
5.856446410577247796e+00
-9.674323086871433830e+00
-1.961830778004109987e+01
-2.078343703781843743e+01
-1.747684327710403807e+01
-1.646530350201833670e+01
-2.041046105653705567e+01
-2.563424308619980607e+01
-2.572301965428596660e+01
-1.733096210566124284e+01
-3.135282653608194359e+00
1.014935498072261488e+01
1.659533100601968769e+01
1.475450191704565661e+01
7.757892343160502691e+00
4.725791335035866569e-01
-3.626585151706625432e+00
-3.679341275460509042e+00
-6.481530150809874380e-01
3.988916633890681407e+00
8.782333546032223381e+00
1.224533694552561158e+01
1.315663686500068330e+01
1.147644172576921839e+01
8.860996819054973273e+00
7.742122108222412535e+00
9.429132933027362995e+00
1.297520461368237399e+01
1.596967535749136147e+01
1.649125517462729817e+01
1.436691858009871048e+01
1.082903798520202621e+01
7.403141839779497246e+00
5.296661429630482587e+00
5.398762985390003877e+00
8.037780664299347677e+00
1.226346864772941103e+01
1.568118929188761435e+01
1.575759238835559906e+01
1.179999893584217929e+01
5.604507895171150444e+00
-1.183588153829355782e-01
-4.029440203876847093e+00
-6.804051067463303681e+00
-9.630878678219566780e+00
-1.247868797596867552e+01
-1.414553570758442191e+01
-1.382993684631051678e+01
-1.214022707035993420e+01
-1.029385323654298645e+01
-8.613509307272586568e+00
-6.305865112751163792e+00
-2.833370087433561224e+00
8.913139970380399291e-01
3.108603370088047768e+00
3.026297970423748041e+00
1.721643445838545006e+00
1.024914868209783947e+00
1.609088195026373569e+00
2.385036875454503047e+00
1.764378681102208191e+00
-7.203355459236497893e-01
-4.184776133878472137e+00
-7.571238236867085192e+00
-1.066327703892073586e+01
-1.369938691541671005e+01
-1.613718082320886538e+01
-1.628182413314721444e+01
-1.266545183896852933e+01
-6.042507639008121600e+00
2.186864047349885709e-01
2.378576623768495324e+00
-3.594526038171892424e-01
-4.550517056073488220e+00
-4.945339749597366108e+00
1.041118010602815502e+00
1.084519017682038111e+01
1.885208737574041038e+01
2.139703161886396288e+01
1.994267676440159676e+01
1.925562579141285369e+01
2.236265412449984069e+01
2.741854298742894258e+01
2.969199176386663908e+01
2.653607636773472223e+01
2.012142501297546460e+01
1.520844956207105270e+01
1.455369296173091698e+01
1.683401571237158123e+01
1.886018967325057361e+01
1.905735510020818424e+01
1.815701906917979613e+01
1.671098661057227730e+01
1.294013509489600722e+01
4.024288754356987852e+00
-1.020988956245562207e+01
-2.531449391620046896e+01
-3.457906080779684999e+01
-3.394145288907321856e+01
-2.505830225513236087e+01
-1.388009648064364931e+01
-6.178939847544981490e+00
-3.910434338234750840e+00
-5.083600117617876890e+00
-6.527148505068296913e+00
-6.679513478817078465e+00
-6.037915551881368970e+00
-5.383203993029006540e+00
-4.012761001525426252e+00
-8.021813718664816406e-02
7.125210137201420935e+00
1.538880341633915450e+01
2.058132336151758679e+01
2.005898160522231422e+01
1.527960731967353425e+01
1.073826364341555717e+01
9.837941590702058647e+00
1.163528824480190949e+01
1.184534792480872767e+01
7.272380480697103522e+00
-7.619036982273250658e-01
-7.501579211497963584e+00
-9.257217493544755982e+00
-6.758295691011648287e+00
-4.064756549751729509e+00
-4.317916072457199661e+00
-6.673596196864609809e+00
-7.335788455023842580e+00
-3.457203759849494240e+00
3.943786568398934822e+00
1.068897779074553789e+01
1.294375963127543017e+01
1.032580405956277758e+01
6.011749432510528734e+00
3.912661945508431494e+00
5.417443706431298800e+00
8.497468177943531487e+00
9.915143322575024953e+00
8.484094473063288788e+00
6.210137613594293171e+00
6.019120156746669892e+00
8.239432676251995602e+00
9.644006317172376441e+00
6.550993501764209803e+00
-8.727735701240582067e-01
-7.784772000819085491e+00
-8.826980040238481706e+00
-3.485254473576130163e+00
2.917158267080653289e+00
4.067784251685868213e+00
-1.186901627791936420e+00
-7.544555937567221982e+00
-8.234660912245788111e+00
-1.437883384195959513e+00
8.096126776269557013e+00
1.358747587730428386e+01
1.224723729494221480e+01
7.014849115539358415e+00
2.882204193785550483e+00
2.032745908038941174e+00
2.714566021771780857e+00
2.457701121163886615e+00
1.641840001092758738e+00
3.257916399464328094e+00
9.013447772546481218e+00
1.614409264954056766e+01
1.890754582985638166e+01
1.390841631098378706e+01
3.997863931518822245e+00
-3.691606161869184444e+00
-4.290880483489082131e+00
-1.697979589007858614e-02
1.867206865550859352e+00
-3.627933127848207651e+00
-1.380922712492094462e+01
-2.041066098420383312e+01
-1.731079405679991368e+01
-6.194795237790733822e+00
5.359546343711993899e+00
1.107506287072735951e+01
1.099172144583213573e+01
9.711266445459219909e+00
1.068155994293629973e+01
1.303031012490578888e+01
1.375974734972512437e+01
1.181197193628138287e+01
8.955824794078838025e+00
6.944221342435679567e+00
5.081514542498442033e+00
1.520097705083201411e+00
-3.437355327133218896e+00
-6.567399085091372157e+00
-5.020074464553831994e+00
-3.404905195298635334e-02
3.539291760821957844e+00
1.907027379142144596e+00
-3.681375390834350725e+00
-8.003118667442322476e+00
-6.956932919477615940e+00
-1.410138290520087878e+00
3.995526777181961364e+00
5.510358542535350068e+00
3.478718519512671747e+00
1.104231955070204663e+00
5.988805394572125351e-01
9.874034656932408893e-01
-3.112168165047748403e-01
-4.111553821734005965e+00
-8.014869584357434462e+00
-8.414337812906836689e+00
-3.873213847971264556e+00
3.515260277622665797e+00
1.001834159962955795e+01
1.335022061627984158e+01
1.387082344664459477e+01
1.302717720695203418e+01
1.119697793232999139e+01
7.613145322664442105e+00
2.442363589136224533e+00
-1.724481553360078578e+00
-1.379720462439792072e+00
4.384073987175959530e+00
1.205744918041829550e+01
1.602563603729279862e+01
1.320519802435069323e+01
5.576436999685000728e+00
-1.831820830300642911e+00
-5.395290863029828188e+00
-5.438036716586168495e+00
-4.842258431917002781e+00
-5.775803062344209593e+00
-7.984646158812665817e+00
-9.787294700733525588e+00
-1.000437481635425740e+01
-8.745402246363454424e+00
-6.898505082896406293e+00
-5.500521711508497447e+00
-5.502580873936722128e+00
-7.344030865867466673e+00
-1.013126376568385467e+01
-1.150320194089445636e+01
-9.203692868851504727e+00
-3.418870783172820893e+00
2.606885382708540533e+00
4.937420294061894310e+00
2.455111197028401193e+00
-1.856017907715802551e+00
-3.241196305890731821e+00
1.001757538536253378e+00
9.642920314573068197e+00
1.892431169726369689e+01
2.553370147090709352e+01
2.852833884093667649e+01
2.920715079841456685e+01
2.984352056707672318e+01
3.250652055149869568e+01
3.829542414967519903e+01
4.677164361737486331e+01
5.575818446518116644e+01
6.205443226362557141e+01
6.307778756208800530e+01
5.840746778485033985e+01
4.990199462792915597e+01
4.005404596714235055e+01
2.976920830106397986e+01
1.746192851801454182e+01
5.144114687136358555e-01
-2.177943316991938971e+01
-4.620509450173220500e+01
-6.665559372302868724e+01
-7.794000368975913773e+01
-7.947193758644593231e+01
-7.556192026446215948e+01
-7.178680774224528705e+01
-7.053094282537529125e+01
-6.969122582115649323e+01
-6.552285153933362949e+01
-5.657221084578187487e+01
-4.477848790548578251e+01
-3.302094363711000113e+01
-2.212919974581099680e+01
-1.061049250980495628e+01
2.936492797308670966e+00
1.765788267044254312e+01
3.081997995795718737e+01
3.995667255365842863e+01
4.432578136679069303e+01
4.458604882210327958e+01
4.187880281268328986e+01
3.770524788476573264e+01
3.421813525457746152e+01
3.355617523543485703e+01
3.618538418082400909e+01
4.006391883324317860e+01
4.206705158617968010e+01
4.059437809985631418e+01
3.668666192047945174e+01
3.247172396737355626e+01
2.873706382532270709e+01
2.436896161725551480e+01
1.815869977273264269e+01
1.071011288634771397e+01
4.135763373617272087e+00
-1.198628856605186144e-01
-2.800753554659647815e+00
-5.939323455192817569e+00
-1.050569289108021742e+01
-1.515686915728129058e+01
-1.741480196457717255e+01
-1.605447569890809945e+01
-1.232797414566862493e+01
-8.904411835801735009e+00
-7.611612087248777136e+00
-8.062361906460306926e+00
-8.280688223815445781e+00
-6.592247643191295303e+00
-3.016229218315515048e+00
9.845981516367056097e-01
3.943573558226920017e+00
5.515073852946166255e+00
6.271336441110685556e+00
6.655749412321614322e+00
6.448248392887901304e+00
5.343274366518834029e+00
3.742089421556389794e+00
2.510321367254214842e+00
1.834788074722991880e+00
7.487917133777632905e-01
-1.646974542238549777e+00
-4.435672125336280303e+00
-4.939154023760664813e+00
-1.192684331184223012e+00
5.509681159978695675e+00
1.098876804673182761e+01
1.156995752324141691e+01
7.191867697505354151e+00
1.037717680377483909e+00
-3.771357724359552410e+00
-6.694980634599756009e+00
-8.857970649634712146e+00
-1.018582532509118188e+01
-8.408846069455004013e+00
-1.505666119459400765e+00
9.061323738621616997e+00
1.822187421477733338e+01
2.097608823285316149e+01
1.647161429922727649e+01
8.570120604863866731e+00
2.482860309523292841e+00
7.350224446636843822e-01
1.956192532542583962e+00
3.010990329943133759e+00
2.039822784208645601e+00
-3.018722519952277139e-01
-2.043864134873089711e+00
-2.005175059455048370e+00
-7.855856664151801283e-01
1.090618830401268724e-01
1.056882421690374940e-02
-8.481303273254070518e-02
1.458486976436915938e+00
4.945460568576955040e+00
8.493747657587014999e+00
9.471469415695473515e+00
7.071229899234197092e+00
3.402916749947451081e+00
1.715389433228200033e+00
3.286193173621281716e+00
6.076732193640161483e+00
6.592880452137328540e+00
3.156527711136345005e+00
-2.562969026839198250e+00
-7.008018791850673779e+00
-7.487476366055034305e+00
-3.692174710519637415e+00
2.792321861360136381e+00
9.757982319474791666e+00
1.517145632959102386e+01
1.755850338264059474e+01
1.659269542033649714e+01
1.361222386896702119e+01
1.102577890075662026e+01
1.043980377771606527e+01
1.104364554269221799e+01
1.009022265869143098e+01
5.433913111593867029e+00
-2.107035576427733758e+00
-8.879825202800475381e+00
-1.110099026060413507e+01
-7.879319226690256528e+00
-2.050961482795997881e+00
1.800007530436289471e+00
5.488154761214047994e-01
-5.432570540750788268e+00
-1.283289841453986924e+01
-1.805047793247729260e+01
-1.985327726088716815e+01
-1.989231143793755052e+01
-2.063172162062766546e+01
-2.260329915157131353e+01
-2.371543904371295142e+01
-2.149913477272585993e+01
-1.613477829504596173e+01
-1.098873158476862599e+01
-9.699251165747512005e+00
-1.246370994405719301e+01
-1.528852951290003404e+01
-1.320456885122774793e+01
-4.567906700164002132e+00
7.466997309445233100e+00
1.746516847885725809e+01
2.180400912615994713e+01
2.097779784264405123e+01
1.882373292054710134e+01
1.993248187561624718e+01
2.723161266886426191e+01
4.077395486675119685e+01
5.776584988621465300e+01
7.365098139529564492e+01
8.401271227678206799e+01
8.655480120801453836e+01
8.196166009623036075e+01
7.293190536326503093e+01
6.203289233166756844e+01
5.001926227963609506e+01
3.589168279173831166e+01
1.854194044637035077e+01
-1.442613546403837432e+00
-2.138063515891751720e+01
-3.799774237806491328e+01
-4.974999395637104271e+01
-5.795452648539960450e+01
-6.538503285895650663e+01
-7.317498396346387324e+01
-7.885111530040956040e+01
-7.786681739877528230e+01
-6.783830525953035817e+01
-5.158914691573569655e+01
-3.559997616522261410e+01
-2.477341567724937477e+01
-1.843292115118551067e+01
-1.168109258286837004e+01
-9.449632304354977919e-01
1.189076242641012016e+01
2.104525968766715138e+01
2.249330662056125263e+01
1.786880904847268425e+01
1.272327063087187859e+01
1.119065847111323464e+01
1.265107025158836862e+01
1.352009344559262516e+01
1.178249502643690860e+01
9.300736591343170545e+00
9.681750076686359563e+00
1.424420663000972631e+01
2.035765251324727743e+01
2.372456299302524485e+01
2.220242015776810263e+01
1.748697745442434126e+01
1.327120178795359884e+01
1.182686857342326192e+01
1.222838205485728302e+01
1.173533237952165287e+01
8.879348506463202284e+00
5.218543673827397811e+00
3.946360912381155384e+00
6.557381306641993035e+00
1.083344270909343976e+01
1.238553500479694414e+01
8.573043151852234089e+00
1.092129415486665645e+00
-5.389925311158036969e+00
-7.326980602660954744e+00
-5.152286537964868351e+00
-2.231974739778026517e+00
-1.230127692807684081e+00
-1.668665727460617587e+00
-9.224527789882672746e-01
2.768085400914647831e+00
8.461351626855501351e+00
1.336526941047031869e+01
1.503581831047273809e+01
1.273142317947415059e+01
7.270771534801767189e+00
3.638820036710859185e-01
-5.739899485728233941e+00
-8.595375183910517691e+00
-6.501740658886520308e+00
3.171134619522932852e-01
9.423130462948769548e+00
1.730314523162211060e+01
2.117152149554337726e+01
2.017325191129543782e+01
1.542021312173094572e+01
9.178332241258274848e+00
3.734873570236292739e+00
3.186516027678836238e-01
-1.456772949441640819e+00
-3.059769933705881684e+00
-5.498455654900435974e+00
-8.016291025026472283e+00
-8.527119075179740548e+00
-5.788265923033989679e+00
-1.297139678780276029e+00
1.306274001110502070e+00
-7.198179964265847275e-01
-6.397089651539140220e+00
-1.124513830191169461e+01
-1.067463045143445299e+01
-3.701415626780473644e+00
6.275567921785174974e+00
1.432094288364402246e+01
1.794631892010096763e+01
1.876869129944233805e+01
2.040975109411330379e+01
2.450942450501375447e+01
2.853634701629371406e+01
2.769337599836841335e+01
1.952296050483207779e+01
6.957237974190428886e+00
-3.515639034967778187e+00
-7.423523500053461177e+00
-6.464337283461283334e+00
-6.862223803242436304e+00
-1.304879273660073835e+01
-2.278351817150955583e+01
-2.886432443293561789e+01
-2.607933253343702518e+01
-1.653054550609041939e+01
-7.881276439653873922e+00
-6.216593476448139199e+00
-1.063922995164139707e+01
-1.475877382284073747e+01
-1.308905091185602032e+01
-5.698283567721148302e+00
3.066991805083176814e+00
9.514298386264584906e+00
1.360681406681851513e+01
1.736336493912153855e+01
2.128958808518956403e+01
2.323493074346964704e+01
2.085947811480448877e+01
1.475756983499465491e+01
8.725627214447797542e+00
6.825981990927715515e+00
1.008596725625852741e+01
1.575433102871694757e+01
1.946985519845333812e+01
1.831232875180485564e+01
1.248526586976159791e+01
4.879385967348596864e+00
-7.352070837725932506e-01
-1.698572985973807903e+00
2.188662458490668428e+00
8.354847937045745354e+00
1.241543118860349537e+01
1.036179388351976272e+01
1.213570683374918246e+00
-1.150338769167269959e+01
-2.107434094319504680e+01
-2.167978731614341115e+01
-1.272547691830891381e+01
1.577800610946695770e-01
8.916376681615894029e+00
9.051769878277909243e+00
2.792740003064679399e+00
-3.360063173162327388e+00
-4.425320880425438475e+00
-6.569592551803715708e-01
4.021077396542942495e+00
6.674622798388110567e+00
7.978128687485003923e+00
1.024457683191624646e+01
1.352812963648834987e+01
1.454594960416716987e+01
9.922084185978178539e+00
3.836588990173543934e-01
-8.635031578039111366e+00
-1.091518610658530264e+01
-4.437748010389675812e+00
6.841081251799091767e+00
1.563634818578856844e+01
1.609093754996722936e+01
7.317338964450613048e+00
-6.163111593869676774e+00
-1.697891355002257185e+01
-1.902221900963790802e+01
-1.098511225516329404e+01
2.796877703770397794e+00
1.501453557525023541e+01
2.000591404923817151e+01
1.707278016461448900e+01
1.009758784821234023e+01
4.079922034788766361e+00
1.642299228225994501e+00
2.121375764247229512e+00
3.221996466966475126e+00
3.156608480187186760e+00
1.518094425423210492e+00
-1.091328985985718925e+00
-3.622283467923964828e+00
-4.815212666330261904e+00
-3.528512234847988260e+00
4.772009318992436744e-01
5.833824618849998700e+00
9.918971278023114735e+00
1.047357637525860241e+01
7.386221864846787888e+00
3.064961290345471046e+00
7.813749195268232528e-01
2.082762039134659293e+00
5.384331022939649714e+00
7.136406603283826477e+00
4.836157796813916221e+00
-6.641231381450667381e-01
-5.763233179332711842e+00
-7.251401215696136937e+00
-5.034650820063502508e+00
-1.703130955415975700e+00
6.098761700005973507e-01
2.628579155162621639e+00
6.768073268872290882e+00
1.352097448109436684e+01
1.955472131271431024e+01
2.015369960663107918e+01
1.388329486569095472e+01
4.584304495140626656e+00
-1.666469847886236755e+00
-1.739793008773957483e+00
2.343940011051947714e+00
6.090500199610817234e+00
6.912968319916521054e+00
5.676883686926518457e+00
4.413765407359576898e+00
3.417297280352300959e+00
1.170086110445339500e+00
-3.059638640234253248e+00
-7.229600721089394888e+00
-7.670241582900757749e+00
-2.419334595264006182e+00
6.505356431381840387e+00
1.407712499868621769e+01
1.567252191523050442e+01
1.019867682204521842e+01
7.314481202824665296e-01
-7.541835255291748474e+00
-1.054295068016935133e+01
-7.630910513584833410e+00
-1.675009083848948421e+00
3.058081758394830985e+00
3.741533678576256960e+00
6.487503751555223630e-01
-3.357053630733407346e+00
-4.927670290491619198e+00
-2.392003103542187148e+00
3.304924138709246506e+00
9.234203995900340800e+00
1.224947170141439656e+01
1.098748081312523084e+01
6.897848795364744490e+00
3.299067269267354163e+00
2.729200272012825224e+00
4.625493540091952127e+00
5.717724924010212817e+00
3.285771072817105676e+00
-1.695441484423284351e+00
-5.031993666628032713e+00
-3.522784915420995588e+00
1.181373422073516366e+00
3.428195340551416948e+00
-1.124493275094650357e+00
-1.088504707073814970e+01
-1.929202096983471648e+01
-2.071630033843433694e+01
-1.551716087784852505e+01
-9.257278887521025013e+00
-7.036353963284696533e+00
-8.773234189439136799e+00
-1.004646071431412224e+01
-7.271647614889928946e+00
-1.699116121417063141e+00
1.806266436703623413e+00
-1.714775869439506550e-01
-5.811765922028484965e+00
-9.216001363405837310e+00
-5.305086307975102500e+00
6.197273289138593100e+00
2.122641747472965790e+01
3.545567236568996350e+01
4.782396117235441579e+01
6.015398344666346020e+01
7.359389207653032372e+01
8.592549859829827597e+01
9.290906228136816480e+01
9.249333582862152525e+01
8.732918424024799720e+01
8.237437637624822173e+01
7.946286586305261324e+01
7.433540439706658276e+01
5.969303889408410413e+01
3.193861142194687375e+01
-4.622251077075347325e+00
-4.013731639647419058e+01
-6.600945370409245072e+01
-8.015507104931376148e+01
-8.669528872565203415e+01
-9.135777298772001132e+01
-9.708002092360496249e+01
-1.029488792476658006e+02
-1.060850998375469203e+02
-1.041453607952035156e+02
-9.675133120417180521e+01
-8.552609916143120472e+01
-7.297683704896284951e+01
-6.065924730907060791e+01
-4.773360076649958472e+01
-3.144822351257715098e+01
-9.868927247609818210e+00
1.521489266923117611e+01
3.822101398649137138e+01
5.332850536544416542e+01
5.884269553634155159e+01
5.839522686047864397e+01
5.779169285828015035e+01
6.033746875618717098e+01
6.467048438419708134e+01
6.653989133857852778e+01
6.249283769574723379e+01
5.237959989694296326e+01
3.928187245918043402e+01
2.760852244674870803e+01
2.080866961497962464e+01
1.970948809797358692e+01
2.208985355463697786e+01
2.390855325069607318e+01
2.187172436290156341e+01
1.578582480583272130e+01
8.739280912567357618e+00
4.612770355412830092e+00
4.775517560772934544e+00
6.793193791017483996e+00
6.379469272524590728e+00
1.006494632237281195e+00
-7.866533983979979716e+00
-1.577839383007544782e+01
-1.856438927456142096e+01
-1.522914750306495257e+01
-8.216913864376522270e+00
-1.244934223722601097e+00
3.150618243001777508e+00
4.346681647639914381e+00
2.655908491486547174e+00
-1.576729852548636623e+00
-7.459584969759963435e+00
-1.249747565646749159e+01
-1.318727399208466267e+01
-7.862080622425297705e+00
7.545665857454549874e-01
6.683551958082187383e+00
5.627281537090442320e+00
-6.432882708982149422e-01
-5.266959579139437686e+00
-2.489943941388452764e+00
6.673080180902446479e+00
1.507609709892410521e+01
1.596092527777139125e+01
8.923767082868433675e+00
-4.380740880954753225e-01
-6.289975742571641604e+00
-7.436598682523881898e+00
-6.658461968488025740e+00
-6.294956961686361652e+00
-5.639702904272417605e+00
-2.840075805218275740e+00
1.680910140884697590e+00
4.900912345697104655e+00
4.504441714180031475e+00
1.717867043299006857e+00
3.609981592428468389e-02
1.160467611203931604e+00
2.942298589768763684e+00
1.937108401538977454e+00
-2.191496883494746140e+00
-5.524542017741476130e+00
-3.672942785983551062e+00
3.296863558467969746e+00
1.011084118558121681e+01
1.089157614752278036e+01
4.796388289054024590e+00
-2.858168076861301365e+00
-5.242235209599583001e+00
-1.400627019474995905e-01
8.148545154609870167e+00
1.283650926647209900e+01
1.076808705562964263e+01
4.955835345989862972e+00
1.381463097765528669e+00
3.324232079361122416e+00
8.605410439039381743e+00
1.206647873252464720e+01
1.052529932698865522e+01
5.390863909852845026e+00
8.433074533826605546e-01
-1.006403251699268253e-01
2.259807954417908604e+00
5.424983777711553046e+00
7.238569995100977650e+00
7.279678081632944497e+00
6.465331029695718712e+00
6.039101769851725976e+00
6.890261029187570330e+00
8.990760056678979595e+00
1.075959076861034447e+01
9.272756195862044137e+00
2.267128826923510587e+00
-9.093984213648155901e+00
-1.952977588023658484e+01
-2.268518214684586098e+01
-1.591554568819999105e+01
-2.574222640213537971e+00
1.042997614848472665e+01
1.761050605443395156e+01
1.803135494458171095e+01
1.443619143291716256e+01
1.017772288544355774e+01
7.141578712180979949e+00
5.794240538343387925e+00
5.982165747234290620e+00
7.060395832137743355e+00
7.703190500797177265e+00
6.535487800636900602e+00
3.446135663603001831e+00
4.673278753307386069e-02
-1.618716365523937384e+00
-9.531721035539817422e-01
7.340690488697987348e-01
1.662689381983227577e+00
1.274692134634634044e+00
3.794870986123441980e-01
-1.631441737729346642e-01
-5.049205582780018631e-01
-1.384138241008031400e+00
-2.845302354253789190e+00
-3.734700126059777858e+00
-2.696058254572591295e+00
2.757037613104955653e-01
3.305022832973207869e+00
3.822347449787926621e+00
6.745323176775599450e-01
-4.487169396808354804e+00
-7.836196682065704522e+00
-5.942480225644352743e+00
1.387348601799473613e+00
1.031672276204994354e+01
1.534240951828262922e+01
1.338133030603733431e+01
6.338496343788378340e+00
-2.149013853045111944e-01
-1.419365352708638284e+00
3.037084653276558299e+00
8.887076605321063028e+00
1.106012965260499215e+01
8.038154808313109356e+00
3.201348762429468309e+00
2.192778886852970288e+00
8.489240093081697580e+00
2.054080201945390627e+01
3.244860229198152268e+01
3.755623732188067976e+01
3.243461551864675840e+01
1.868505985222960319e+01
1.655422622856207227e+00
-1.268651079509125879e+01
-2.046775451977990201e+01
-2.081171026692921089e+01
-1.527589173945682788e+01
-7.003501538683003957e+00
4.204633082755648843e-03
2.111376018825651624e+00
-2.043516850264438300e+00
-1.031321596290235476e+01
-1.822810375221383694e+01
-2.229018250321497163e+01
-2.249552929566956294e+01
-2.144525855428637939e+01
-2.089393237777570533e+01
-1.962036035143336932e+01
-1.525025930594966894e+01
-8.057825645031687856e+00
-2.076484898258906142e+00
-1.598292566950595628e+00
-6.564764758472284356e+00
-1.212920701204966001e+01
-1.333047543550377156e+01
-1.002096878041812289e+01
-6.627781812692442820e+00
-6.914935749209110583e+00
-9.490975662363830168e+00
-9.056368278241206937e+00
-2.065627135984451357e+00
9.396472791326250018e+00
1.977936783268556908e+01
2.595808386506241305e+01
3.052387559418968976e+01
3.891654427095267010e+01
5.329525177873895103e+01
6.939104951563106738e+01
7.955768660425744088e+01
7.914282978699513649e+01
7.022714896212160340e+01
5.945609584947122528e+01
5.222219158666301553e+01
4.855258436716709269e+01
4.409645356471303757e+01
3.476190062456335994e+01
2.043405021764898777e+01
4.531371824407831816e+00
-9.626847137175479574e+00
-2.174496901713218122e+01
-3.397038060390236325e+01
-4.778631404637871327e+01
-6.182819860846085902e+01
-7.278788654495059518e+01
-7.815458510574026718e+01
-7.781495695672960267e+01
-7.321043986083215316e+01
-6.559386228182556522e+01
-5.555394290668755986e+01
-4.390953271955763881e+01
-3.217800971808083688e+01
-2.158873446061600987e+01
-1.194387230067567884e+01
-2.237954809673791789e+00
7.284526474358250070e+00
1.427248275972126024e+01
1.636978683563702219e+01
1.448573186702198967e+01
1.337543113099274450e+01
1.797076426301478591e+01
2.849775024176227589e+01
3.928526793872249101e+01
4.296684215295644549e+01
3.658676734936563690e+01
2.418706848884898619e+01
1.364809690206521431e+01
1.065158441786526922e+01
1.485236140359954504e+01
2.103909897867185563e+01
2.375498894427883201e+01
2.134564791184546451e+01
1.641478585105413046e+01
1.288201545670035308e+01
1.249278373967113787e+01
1.374076940655589318e+01
1.382477586446835360e+01
1.152721110051811593e+01
8.191361849050347033e+00
5.966296117489228834e+00
5.279861046115241763e+00
4.261835668024758661e+00
7.322593591330246454e-01
-5.374847755435645524e+00
-1.168386762395691036e+01
-1.535225136859722284e+01
-1.518820161652012501e+01
-1.196525380745428890e+01
-7.256536654256770191e+00
-2.537487596369992104e+00
7.150588856790136560e-01
1.013314330106755534e+00
-2.028992743204376836e+00
-6.406416278442939927e+00
-8.339023307087511938e+00
-5.193160017857614719e+00
1.793801288416524642e+00
8.025934061900201755e+00
9.389731202802753529e+00
6.010221368821198951e+00
2.282330737294955725e+00
2.998083938928260750e+00
9.057321287073534677e+00
1.654102483650711974e+01
1.979952036330202247e+01
1.581486485694198052e+01
6.359942243881818058e+00
-3.449573677916731640e+00
-8.814468382772986388e+00
-8.321630348289943413e+00
-4.319707401248631840e+00
-5.848710026735091105e-01
7.280041774701828672e-01
3.880769531776309123e-01
7.373007811492016117e-01
3.138723022429346088e+00
6.681268438638497287e+00
9.197373229302343134e+00
9.259552469763789873e+00
7.009292679749648869e+00
3.264436222550969546e+00
-1.603874067828812144e+00
-7.486934575711792661e+00
-1.342884334928809764e+01
-1.736125930505057724e+01
-1.747078299693487224e+01
-1.383417921155927388e+01
-8.407299922744401854e+00
-3.320264332803153806e+00
5.663621249794728030e-01
3.305241328209675089e+00
4.543406049675766667e+00
3.399699854052769865e+00
1.383096606005906892e-01
-2.423117427461392026e+00
-2.145779388778557006e-01
8.410487905091347471e+00
2.001181266145495385e+01
2.758469180640440044e+01
2.574264336469405379e+01
1.535415669376095416e+01
3.439419061963345570e+00
-1.969976046818693760e+00
2.041110590564919391e+00
1.115566748563332666e+01
1.742028144191139205e+01
1.550653476596759894e+01
6.452070062886545720e+00
-3.991015904776356038e+00
-1.052727159224293629e+01
-1.222082175038688590e+01
-1.191705496056906988e+01
-1.244419114828837536e+01
-1.376757093785246333e+01
-1.375456064749957896e+01
-1.107976551037384993e+01
-6.664649181082111795e+00
-2.179974024162712798e+00
2.141952489837593898e+00
7.368782310531273083e+00
1.350395953814096828e+01
1.810931871883087041e+01
1.819684926177967910e+01
1.359741909046515573e+01
7.770768358905376871e+00
4.638768576847567715e+00
4.670614114065730682e+00
4.600767730541162948e+00
1.238483979227087195e+00
-4.756077471064498852e+00
-9.234024859253175066e+00
-8.600283554765596250e+00
-3.209194578513100637e+00
3.184987422986583994e+00
6.854572719814533421e+00
6.724058869256332116e+00
4.173905012802950232e+00
1.306093776003610429e+00
-1.195228477560573432e-01
1.202270824866270571e+00
5.612721954690902848e+00
1.124713289797404414e+01
1.382687797264378382e+01
9.146003384899495714e+00
-2.984469617190045554e+00
-1.704617556553804292e+01
-2.484190391219026139e+01
