0.000000000000000000e+00
-2.364494738349913123e-07
-1.901553579266200423e-06
-6.416534631763732599e-06
-1.512299279812379324e-05
-2.920383448105093871e-05
-4.960630038401652163e-05
-7.696988263746729303e-05
-1.115618692936464770e-04
-1.532231215332607161e-04
-2.013264757589774783e-04
-2.547498732898474151e-04
-3.118659606884871321e-04
-3.705494819597399863e-04
-4.282033099234032860e-04
-4.818034495845240637e-04
-5.279628042516307717e-04
-5.630129394752465084e-04
-5.831025252659601237e-04
-5.843105984955608307e-04
-5.627722797953548656e-04
-5.148141170996983675e-04
-4.370958248348269883e-04
-3.267548560104871123e-04
-1.815499949459180317e-04
1.953026354557572861e-18
2.184867347251188475e-04
4.734954877292376859e-04
7.635053311906747544e-04
1.085809657467125527e-03
1.436460353419823869e-03
1.810238420301019070e-03
2.200653306396173955e-03
2.599972613974116647e-03
2.999283174320217273e-03
3.388583769459161017e-03
3.756909032912550839e-03
4.092483301856164254e-03
4.382902437480917963e-03
4.615340897587296917e-03
4.776780653709786391e-03
4.854257911953827401e-03
4.835123038808863440e-03
4.707308625520590512e-03
4.459600260379238332e-03
4.081904328467703472e-03
3.565507031480044144e-03
2.903318821838555761e-03
2.090098578278677850e-03
1.122652113995685095e-03
-5.859079063672720894e-18
-1.276489800965604181e-03
-2.703008370086051448e-03
-4.273254493690863999e-03
-5.978427896810849240e-03
-7.807268518459077773e-03
-9.746142371013124042e-03
-1.177917356952967211e-02
-1.388842115164947051e-02
-1.605409835641938981e-02
-1.825483111220906757e-02
-2.046795162081459230e-02
-2.266982213660207260e-02
-2.483618334449631121e-02
-2.694252115510727824e-02
-2.896444527338748812e-02
-3.087807257026230906e-02
-3.266040810311635068e-02
-3.428971659604940908e-02
-3.574587730641751171e-02
-3.701071546885029151e-02
-3.806830391693595550e-02
-3.890522902798511373e-02
-3.951081580662012260e-02
-3.987730770435243127e-02
9.599999435599599895e-01
-3.987730770435243127e-02
-3.951081580662012260e-02
-3.890522902798511373e-02
-3.806830391693595550e-02
-3.701071546885029151e-02
-3.574587730641751171e-02
-3.428971659604940908e-02
-3.266040810311635761e-02
-3.087807257026231253e-02
-2.896444527338749159e-02
-2.694252115510728518e-02
-2.483618334449631468e-02
-2.266982213660207607e-02
-2.046795162081459576e-02
-1.825483111220906757e-02
-1.605409835641939328e-02
-1.388842115164947225e-02
-1.177917356952967558e-02
-9.746142371013125777e-03
-7.807268518459078641e-03
-5.978427896810851842e-03
-4.273254493690864866e-03
-2.703008370086051881e-03
-1.276489800965604614e-03
-5.859079063672722435e-18
1.122652113995685312e-03
2.090098578278678718e-03
2.903318821838556194e-03
3.565507031480044144e-03
4.081904328467703472e-03
4.459600260379238332e-03
4.707308625520593114e-03
4.835123038808866042e-03
4.854257911953830870e-03
4.776780653709788993e-03
4.615340897587299519e-03
4.382902437480921433e-03
4.092483301856165989e-03
3.756909032912552574e-03
3.388583769459162752e-03
2.999283174320218574e-03
2.599972613974117514e-03
2.200653306396174388e-03
1.810238420301019720e-03
1.436460353419823869e-03
1.085809657467127045e-03
7.635053311906756218e-04
4.734954877292382822e-04
2.184867347251191457e-04
1.953026354557576328e-18
-1.815499949459183299e-04
-3.267548560104873291e-04
-4.370958248348273136e-04
-5.148141170996988012e-04
-5.627722797953554077e-04
-5.843105984955614812e-04
-5.831025252659601237e-04
-5.630129394752465084e-04
-5.279628042516307717e-04
-4.818034495845240637e-04
-4.282033099234044244e-04
-3.705494819597411247e-04
-3.118659606884879995e-04
-2.547498732898482283e-04
-2.013264757589777493e-04
-1.532231215332612040e-04
-1.115618692936466938e-04
-7.696988263746749632e-05
-4.960630038401669782e-05
-2.920383448105108779e-05
-1.512299279812391183e-05
-6.416534631763732599e-06
-1.901553579266200423e-06
-2.364494738349913123e-07
0.000000000000000000e+00
